<?xml version="1.0" encoding="UTF-8"?>
<!-- Generated by org.testng.reporters.JUnitReportReporter -->
<testsuite hostname="Maias-iMac.local" failures="0" tests="1" name="automation_test.php_travel.TestNGWebDriver" time="2.428" errors="0" timestamp="2022-08-26T00:39:51 EDT" skipped="0">
  <testcase classname="automation_test.php_travel.TestNGWebDriver" name="VerifyHomePageTitle" time="2.428"/>
  <system-out/>
</testsuite> <!-- automation_test.php_travel.TestNGWebDriver -->
