<?xml version="1.0" encoding="UTF-8"?>
<!-- Generated by org.testng.reporters.JUnitReportReporter -->
<testsuite hostname="Maias-iMac.local" failures="0" tests="1" name="api_test.SimpleDeleteTest" time="0.349" errors="0" timestamp="2022-08-26T00:39:51 EDT" skipped="0">
  <testcase classname="api_test.SimpleDeleteTest" name="deleteSingleUser" time="0.349"/>
  <system-out/>
</testsuite> <!-- api_test.SimpleDeleteTest -->
