<?xml version="1.0" encoding="UTF-8"?>
<!-- Generated by org.testng.reporters.JUnitReportReporter -->
<testsuite hostname="Maias-iMac.local" failures="0" tests="1" name="api_test.SimplePostTest" time="0.742" errors="0" timestamp="2022-08-29T18:52:35 EDT" skipped="0">
  <testcase classname="api_test.SimplePostTest" name="createNewUser" time="0.742"/>
  <system-out/>
</testsuite> <!-- api_test.SimplePostTest -->
