<?xml version="1.0" encoding="UTF-8"?>
<!-- Generated by org.testng.reporters.JUnitReportReporter -->
<testsuite hostname="Maias-iMac.local" failures="0" tests="1" name="automation_test.mortgage_calculator.CalculateRealAprRate" time="5.179" errors="0" timestamp="2022-08-29T18:52:35 EDT" skipped="0">
  <testcase classname="automation_test.mortgage_calculator.CalculateRealAprRate" name="calculateRealApr" time="5.179"/>
  <system-out/>
</testsuite> <!-- automation_test.mortgage_calculator.CalculateRealAprRate -->
