<?xml version="1.0" encoding="UTF-8"?>
<!-- Generated by org.testng.reporters.JUnitReportReporter -->
<testsuite hostname="Maias-iMac.local" failures="0" tests="1" name="api_test.GetTestWithQueryParameter" time="0.108" errors="0" timestamp="2022-08-29T18:52:35 EDT" skipped="0">
  <testcase classname="api_test.GetTestWithQueryParameter" name="getUsersWithQueryParameter" time="0.108"/>
  <system-out/>
</testsuite> <!-- api_test.GetTestWithQueryParameter -->
