<?xml version="1.0" encoding="UTF-8"?>
<!-- Generated by org.testng.reporters.JUnitReportReporter -->
<testsuite hostname="Maias-iMac.local" failures="0" tests="2" name="api_test.GetWithPathVariable" time="0.485" errors="0" timestamp="2022-08-29T18:52:35 EDT" skipped="0">
  <testcase classname="api_test.GetWithPathVariable" name="attemptToGetUserWithInvalidId" time="0.361"/>
  <system-out/>
  <testcase classname="api_test.GetWithPathVariable" name="getSingleUser" time="0.124"/>
  <system-out/>
</testsuite> <!-- api_test.GetWithPathVariable -->
