<?xml version="1.0" encoding="UTF-8"?>
<!-- Generated by org.testng.reporters.JUnitReportReporter -->
<testsuite hostname="Maias-iMac.local" failures="0" tests="1" name="api_test.SimpleGetTest" time="0.958" errors="0" timestamp="2022-08-29T18:52:35 EDT" skipped="0">
  <testcase classname="api_test.SimpleGetTest" name="getAllUsers" time="0.958"/>
  <system-out/>
</testsuite> <!-- api_test.SimpleGetTest -->
