<?xml version="1.0" encoding="UTF-8"?>
<!-- Generated by org.testng.reporters.JUnitReportReporter -->
<testsuite hostname="Maias-iMac.local" failures="0" tests="2" name="api_test.GetWithPathVariable" time="0.496" errors="0" timestamp="2022-08-26T00:39:51 EDT" skipped="0">
  <testcase classname="api_test.GetWithPathVariable" name="attemptToGetUserWithInvalidId" time="0.409"/>
  <system-out/>
  <testcase classname="api_test.GetWithPathVariable" name="getSingleUser" time="0.087"/>
  <system-out/>
</testsuite> <!-- api_test.GetWithPathVariable -->
