<?xml version="1.0" encoding="UTF-8"?>
<!-- Generated by org.testng.reporters.JUnitReportReporter -->
<testsuite hostname="Maias-iMac.local" failures="0" tests="1" name="api_test.SimplePatchTest" time="0.417" errors="0" timestamp="2022-08-26T00:39:51 EDT" skipped="0">
  <testcase classname="api_test.SimplePatchTest" name="UpdateNewUser" time="0.417"/>
  <system-out/>
</testsuite> <!-- api_test.SimplePatchTest -->
